<?xml version="1.0" encoding="UTF-8"?>
<testng-results ignored="0" total="2" passed="2" failed="0" skipped="0">
  <reporter-output>
  </reporter-output>
  <suite started-at="2026-09-04T12:05:54 IST" name="Default suite" finished-at="2026-09-04T12:06:18 IST" duration-ms="23911">
    <groups>
    </groups>
    <test started-at="2026-09-04T12:05:54 IST" name="Default test" finished-at="2026-09-04T12:06:18 IST" duration-ms="23911">
      <class name="test.AddCustomerTest">
        <test-method signature="addCustomer(java.lang.String,java.lang.String,java.lang.String,java.lang.String)[pri:0, instance:test.AddCustomerTest@31304f14]" started-at="2026-09-04T12:05:54 IST" name="addCustomer" data-provider="customerData" finished-at="2026-09-04T12:06:06 IST" duration-ms="11658" status="PASS">
          <params>
            <param index="0">
              <value>
                <![CDATA[Jatin Gidh]]>
              </value>
            </param>
            <param index="1">
              <value>
                <![CDATA[12345]]>
              </value>
            </param>
            <param index="2">
              <value>
                <![CDATA[9876543210]]>
              </value>
            </param>
            <param index="3">
              <value>
                <![CDATA[jatingidh04@gmail.com]]>
              </value>
            </param>
          </params>
          <reporter-output>
          </reporter-output>
        </test-method> <!-- addCustomer -->
        <test-method signature="addCustomer(java.lang.String,java.lang.String,java.lang.String,java.lang.String)[pri:0, instance:test.AddCustomerTest@31304f14]" started-at="2026-09-04T12:06:06 IST" name="addCustomer" data-provider="customerData" finished-at="2026-09-04T12:06:18 IST" duration-ms="12218" status="PASS">
          <params>
            <param index="0">
              <value>
                <![CDATA[Sarvesh Bankar]]>
              </value>
            </param>
            <param index="1">
              <value>
                <![CDATA[12346]]>
              </value>
            </param>
            <param index="2">
              <value>
                <![CDATA[9876543211]]>
              </value>
            </param>
            <param index="3">
              <value>
                <![CDATA[bankarsarvesh@gmail.com]]>
              </value>
            </param>
          </params>
          <reporter-output>
          </reporter-output>
        </test-method> <!-- addCustomer -->
      </class> <!-- test.AddCustomerTest -->
    </test> <!-- Default test -->
  </suite> <!-- Default suite -->
</testng-results>
